<?xml version="1.0" encoding="UTF-8"?>
<!-- Generated by org.testng.reporters.JUnitReportReporter -->
<testsuite skipped="0" hostname="Barath-PC" name="bestBuy.CanonProducts" tests="1" failures="0" timestamp="2020-06-16T17:25:38 IST" time="7.163" errors="0">
  <testcase name="getCanonProducts" time="7.163" classname="bestBuy.CanonProducts"/>
  <system-out/>
</testsuite> <!-- bestBuy.CanonProducts -->
