<?xml version="1.0" encoding="UTF-8"?>
<!-- Generated by org.testng.reporters.JUnitReportReporter -->
<testsuite skipped="0" hostname="Barath-PC" name="zoho.UpdateUser" tests="1" failures="0" timestamp="2020-06-14T13:41:28 IST" time="0.022" errors="0">
  <testcase name="updateUserDetails" time="0.022" classname="zoho.UpdateUser"/>
  <system-out/>
</testsuite> <!-- zoho.UpdateUser -->
