<?xml version="1.0" encoding="UTF-8"?>
<!-- Generated by org.testng.reporters.JUnitReportReporter -->
<testsuite skipped="0" hostname="Barath-PC" name="bestBuy.VerifyPickupAvailability" tests="1" failures="0" timestamp="2020-06-16T18:02:33 IST" time="7.101" errors="0">
  <testcase name="getPickupAvailabilty" time="7.101" classname="bestBuy.VerifyPickupAvailability"/>
  <system-out/>
</testsuite> <!-- bestBuy.VerifyPickupAvailability -->
