<?xml version="1.0" encoding="UTF-8"?>
<!-- Generated by org.testng.reporters.JUnitReportReporter -->
<testsuite skipped="0" hostname="Barath-PC" name="bestBuy.IPhonePrice" tests="1" failures="0" timestamp="2020-06-16T17:32:47 IST" time="6.373" errors="0">
  <testcase name="getIphonePrice" time="6.373" classname="bestBuy.IPhonePrice"/>
  <system-out/>
</testsuite> <!-- bestBuy.IPhonePrice -->
