<?xml version="1.0" encoding="UTF-8"?>
<!-- Generated by org.testng.reporters.JUnitReportReporter -->
<testsuite skipped="0" hostname="Barath-PC" name="zoho.DeleteUser" tests="1" failures="0" timestamp="2020-06-14T14:12:29 IST" time="6.618" errors="0">
  <testcase name="deleteUser" time="6.618" classname="zoho.DeleteUser"/>
  <system-out/>
</testsuite> <!-- zoho.DeleteUser -->
