<?xml version="1.0" encoding="UTF-8"?>
<!-- Generated by org.testng.reporters.JUnitReportReporter -->
<testsuite skipped="0" hostname="Barath-PC" name="paypal.GetProduct" tests="3" failures="0" timestamp="2020-06-04T20:57:15 IST" time="19.809" errors="0">
  <testcase name="createProduct" time="4.233" classname="paypal.GetProduct"/>
  <system-out/>
  <testcase name="createProduct" time="11.158" classname="paypal.GetProduct"/>
  <system-out/>
  <testcase name="createProduct" time="4.418" classname="paypal.GetProduct"/>
  <system-out/>
</testsuite> <!-- paypal.GetProduct -->
