<?xml version="1.0" encoding="UTF-8"?>
<!-- Generated by org.testng.reporters.JUnitReportReporter -->
<testsuite skipped="0" hostname="Barath-PC" name="weather.MumbaiRainReport" tests="1" failures="0" timestamp="2020-06-07T21:12:25 IST" time="8.301" errors="0">
  <testcase name="getMumbaiReport" time="8.301" classname="weather.MumbaiRainReport"/>
  <system-out/>
</testsuite> <!-- weather.MumbaiRainReport -->
