<?xml version="1.0" encoding="UTF-8"?>
<!-- Generated by org.testng.reporters.JUnitReportReporter -->
<testsuite skipped="0" hostname="Barath-PC" name="bestBuy.StoreDetails" tests="1" failures="0" timestamp="2020-06-16T17:10:33 IST" time="6.624" errors="0">
  <testcase name="getStoreDetails" time="6.624" classname="bestBuy.StoreDetails"/>
  <system-out/>
</testsuite> <!-- bestBuy.StoreDetails -->
