<?xml version="1.0" encoding="UTF-8"?>
<!-- Generated by org.testng.reporters.JUnitReportReporter -->
<testsuite skipped="0" hostname="Barath-PC" name="covid.HighNewCases" tests="1" failures="0" timestamp="2020-06-16T14:43:29 IST" time="7.537" errors="0">
  <testcase name="getCovidStats" time="7.537" classname="covid.HighNewCases"/>
  <system-out/>
</testsuite> <!-- covid.HighNewCases -->
