<?xml version="1.0" encoding="UTF-8"?>
<!-- Generated by org.testng.reporters.JUnitReportReporter -->
<testsuite skipped="0" hostname="Barath-PC" name="restAssured.StatusOfYourCountry" tests="1" failures="0" timestamp="2020-06-04T18:20:46 IST" time="7.232" errors="0">
  <testcase name="statusOfYourCountry" time="7.232" classname="restAssured.StatusOfYourCountry"/>
  <system-out/>
</testsuite> <!-- restAssured.StatusOfYourCountry -->
