<?xml version="1.0" encoding="UTF-8"?>
<!-- Generated by org.testng.reporters.JUnitReportReporter -->
<testsuite skipped="0" hostname="Barath-PC" name="paypal.CreateProducts" tests="3" failures="0" timestamp="2020-06-04T19:41:52 IST" time="20.539" errors="0">
  <testcase name="createProduct" time="4.393" classname="paypal.CreateProducts"/>
  <system-out/>
  <testcase name="createProduct" time="11.903" classname="paypal.CreateProducts"/>
  <system-out/>
  <testcase name="createProduct" time="4.243" classname="paypal.CreateProducts"/>
  <system-out/>
</testsuite> <!-- paypal.CreateProducts -->
