<?xml version="1.0" encoding="UTF-8"?>
<!-- Generated by org.testng.reporters.JUnitReportReporter -->
<testsuite skipped="0" hostname="Barath-PC" name="zoho.CreateCustomer" tests="2" failures="0" timestamp="2020-06-14T14:10:13 IST" time="10.403" errors="0">
  <testcase name="updateUserDetails" time="2.113" classname="zoho.CreateCustomer"/>
  <system-out/>
  <testcase name="createCustomer" time="8.290" classname="zoho.CreateCustomer"/>
  <system-out/>
</testsuite> <!-- zoho.CreateCustomer -->
