<?xml version="1.0" encoding="UTF-8"?>
<!-- Generated by org.testng.reporters.JUnitReportReporter -->
<testsuite skipped="0" hostname="Barath-PC" name="weather.Test2" tests="1" failures="0" timestamp="2020-06-20T22:37:25 IST" time="5.892" errors="0">
  <testcase name="getOauth" time="5.892" classname="weather.Test2"/>
  <system-out/>
</testsuite> <!-- weather.Test2 -->
