<?xml version="1.0" encoding="UTF-8"?>
<!-- Generated by org.testng.reporters.JUnitReportReporter -->
<testsuite skipped="0" hostname="Barath-PC" name="tests.rest.TC003_DeleteRandomAndCount" tests="1" failures="0" timestamp="2020-04-26T12:37:13 IST" time="28.746" errors="0">
  <testcase name="deleteIncidentRandomly" time="28.746" classname="tests.rest.TC003_DeleteRandomAndCount"/>
  <system-out/>
</testsuite> <!-- tests.rest.TC003_DeleteRandomAndCount -->
