<?xml version="1.0" encoding="UTF-8"?>
<!-- Generated by org.testng.reporters.JUnitReportReporter -->
<testsuite skipped="0" hostname="Barath-PC" name="tests.rest.Scenario2" tests="1" failures="0" timestamp="2020-06-30T15:33:59 IST" time="9.905" errors="0">
  <testcase name="scenario2" time="9.905" classname="tests.rest.Scenario2"/>
  <system-out/>
</testsuite> <!-- tests.rest.Scenario2 -->
