<?xml version="1.0" encoding="UTF-8"?>
<!-- Generated by org.testng.reporters.JUnitReportReporter -->
<testsuite skipped="0" hostname="Barath-PC" name="tests.rest.TC1_Scenario1" tests="1" failures="0" timestamp="2020-06-30T00:33:28 IST" time="7.372" errors="0">
  <testcase name="scenario1" time="7.372" classname="tests.rest.TC1_Scenario1"/>
  <system-out/>
</testsuite> <!-- tests.rest.TC1_Scenario1 -->
